<?xml version="1.0" encoding="UTF-8" ?>
<testsuites disabled="0" errors="0" failures="0" tests="3" time="0.012">
 <testsuite name="Demo Project Classic Agile" timestamp="2018-10-05T13:33:13" hostname="localhost" time="0.012" errors="0" tests="3" skipped="0" disabled="0" failures="0">
  <testcase classname="Demo Project Classic Agile" name="Scenario1 (uid:9943a6d5-bc1f-4e68-a7fd-dd4881576806)" time="0.008" />
  <testcase classname="Demo Project Classic Agile" name="Scenario2 (uid:7030aaa1-3d64-4f61-bd9d-75b136a0b0ad)" time="0.004" />
  <testcase classname="Demo Project Classic Agile" name="Scenario3 (uid:3a670ada-d86b-4ca4-9df3-09d42ca45e44)" time="0" />
 </testsuite>
</testsuites>